<!DOCTYPE html PUBLIC "-//W3C//DTD XHTML 1.1//EN" "https://www.w3.org/TR/xhtml11/DTD/xhtml11.dtd">
<html xmlns="https://www.w3.org/1999/xhtml">
<head>
<meta http-equiv="content-type" content="text/html; charset=UTF-8"/>
<title>TestNG Report</title>
<style type="text/css">table {margin-bottom:10px;border-collapse:collapse;empty-cells:show}th,td {border:1px solid #009;padding:.25em .5em}th {vertical-align:bottom}td {vertical-align:top}table a {font-weight:bold}.stripe td {background-color: #E6EBF9}.num {text-align:right}.passedodd td {background-color: #3F3}.passedeven td {background-color: #0A0}.skippedodd td {background-color: #DDD}.skippedeven td {background-color: #CCC}.failedodd td,.attn {background-color: #F33}.failedeven td,.stripe .attn {background-color: #D00}.stacktrace {white-space:pre;font-family:monospace}.totop {font-size:85%;text-align:center;border-bottom:2px solid #000}.invisible {display:none}</style>
</head>
<body>
<table>
<tr><th>Test</th><th># Passed</th><th># Skipped</th><th># Retried</th><th># Failed</th><th>Time (ms)</th><th>Included Groups</th><th>Excluded Groups</th></tr>
<tr><th colspan="8">SakhalinMonitorDebugRunner</th></tr>
<tr><td><a href="#t0">Run marked tests</a></td><td class="num">0</td><td class="num attn">1</td><td class="num">0</td><td class="num">0</td><td class="num">6Â 828</td><td>run</td><td>notRun</td></tr>
</table>
<table id='summary'><thead><tr><th>Class</th><th>Method</th><th>Start</th><th>Time (ms)</th></tr></thead><tbody><tr><th colspan="4">SakhalinMonitorDebugRunner</th></tr></tbody><tbody id="t0"><tr><th colspan="4">Run marked tests &#8212; failed (configuration methods)</th></tr><tr class="failedeven"><td rowspan="1">ru.yandex.devlada.NewTicketTest</td><td><a href="#m0">setup</a></td><td rowspan="1">1627527347382</td><td rowspan="1">6726</td></tr><tr><th colspan="4">Run marked tests &#8212; skipped (configuration methods)</th></tr><tr class="skippedeven"><td rowspan="2">ru.yandex.devlada.NewTicketTest</td><td><a href="#m1">setup1</a></td><td rowspan="1">1627527354116</td><td rowspan="1">-1627527354116</td></tr><tr class="skippedeven"><td><a href="#m2">tearDown</a></td><td rowspan="1">1627527354128</td><td rowspan="1">-1627527354128</td></tr><tr><th colspan="4">Run marked tests &#8212; skipped</th></tr><tr class="skippedeven"><td rowspan="1">ru.yandex.devlada.NewTicketTest</td><td><a href="#m3">newTicketTest</a></td><td rowspan="1">1627527354127</td><td rowspan="1">0</td></tr></tbody>
</table>
<h2>Run marked tests</h2><h3 id="m0">ru.yandex.devlada.NewTicketTest#setup</h3><table class="result"><tr><th>Exception</th></tr><tr><td><div class="stacktrace">org.openqa.selenium.SessionNotCreatedException: session not created
from disconnected: Unable to receive message from renderer
  (Session info: chrome=91.0.4472.124)
Build info: version: &apos;3.141.59&apos;, revision: &apos;e82be7d358&apos;, time: &apos;2018-11-14T08:17:03&apos;
System info: host: &apos;PC&apos;, ip: &apos;192.168.100.3&apos;, os.name: &apos;Windows 7&apos;, os.arch: &apos;amd64&apos;, os.version: &apos;6.1&apos;, java.version: &apos;1.8.0_291&apos;
Driver info: driver.version: ChromeDriver
remote stacktrace: Backtrace:
	Ordinal0 [0x01643733+2504499]
	Ordinal0 [0x015DC401+2081793]
	Ordinal0 [0x014E2628+1058344]
	Ordinal0 [0x014D4F79+1003385]
	Ordinal0 [0x014D3EF9+999161]
	Ordinal0 [0x014D41B6+999862]
	Ordinal0 [0x014D3AA5+998053]
	Ordinal0 [0x014DE6B4+1042100]
	Ordinal0 [0x014D3A61+997985]
	Ordinal0 [0x014D4986+1001862]
	Ordinal0 [0x014D3EF9+999161]
	Ordinal0 [0x014D41B6+999862]
	Ordinal0 [0x014D3AA5+998053]
	Ordinal0 [0x014DC73A+1034042]
	Ordinal0 [0x014D3A61+997985]
	Ordinal0 [0x014D4986+1001862]
	Ordinal0 [0x014D3EF9+999161]
	Ordinal0 [0x014D41B6+999862]
	Ordinal0 [0x014D3AA5+998053]
	Ordinal0 [0x014DA5E9+1025513]
	Ordinal0 [0x014D3A61+997985]
	Ordinal0 [0x014D4986+1001862]
	Ordinal0 [0x014D3EF9+999161]
	Ordinal0 [0x014D41B6+999862]
	Ordinal0 [0x014D3AA5+998053]
	Ordinal0 [0x014D990C+1022220]
	Ordinal0 [0x014D3A61+997985]
	Ordinal0 [0x014D4986+1001862]
	Ordinal0 [0x014D3EF9+999161]
	Ordinal0 [0x014D41B6+999862]
	Ordinal0 [0x014D3AA5+998053]
	Ordinal0 [0x014CF5DD+980445]
	Ordinal0 [0x014D3A61+997985]
	Ordinal0 [0x014D3800+997376]
	Ordinal0 [0x014D3599+996761]
	Ordinal0 [0x014E3830+1062960]
	Ordinal0 [0x0152ABB9+1354681]
	Ordinal0 [0x015297DA+1349594]
	Ordinal0 [0x01525D4B+1334603]
	Ordinal0 [0x015022B4+1188532]
	Ordinal0 [0x01503149+1192265]
	GetHandleVerifier [0x017BFB8C+1512252]
	GetHandleVerifier [0x0186B0DF+2214031]
	GetHandleVerifier [0x016C4BC3+484211]
	GetHandleVerifier [0x016C3E69+480793]
	Ordinal0 [0x015E218D+2105741]
	Ordinal0 [0x015E66E8+2123496]
	Ordinal0 [0x015E6827+2123815]
	Ordinal0 [0x015EFB73+2161523]
	BaseThreadInitThunk [0x76D6343D+18]
	RtlInitializeExceptionChain [0x77889802+99]
	RtlInitializeExceptionChain [0x778897D5+54]

	at sun.reflect.NativeConstructorAccessorImpl.newInstance0(Native Method)
	at sun.reflect.NativeConstructorAccessorImpl.newInstance(NativeConstructorAccessorImpl.java:62)
	at sun.reflect.DelegatingConstructorAccessorImpl.newInstance(DelegatingConstructorAccessorImpl.java:45)
	at java.lang.reflect.Constructor.newInstance(Constructor.java:423)
	at org.openqa.selenium.remote.W3CHandshakeResponse.lambda$errorHandler$0(W3CHandshakeResponse.java:62)
	at org.openqa.selenium.remote.HandshakeResponse.lambda$getResponseFunction$0(HandshakeResponse.java:30)
	at org.openqa.selenium.remote.ProtocolHandshake.lambda$createSession$0(ProtocolHandshake.java:126)
	at java.util.stream.ReferencePipeline$3$1.accept(ReferencePipeline.java:193)
	at java.util.Spliterators$ArraySpliterator.tryAdvance(Spliterators.java:958)
	at java.util.stream.ReferencePipeline.forEachWithCancel(ReferencePipeline.java:126)
	at java.util.stream.AbstractPipeline.copyIntoWithCancel(AbstractPipeline.java:499)
	at java.util.stream.AbstractPipeline.copyInto(AbstractPipeline.java:486)
	at java.util.stream.AbstractPipeline.wrapAndCopyInto(AbstractPipeline.java:472)
	at java.util.stream.FindOps$FindOp.evaluateSequential(FindOps.java:152)
	at java.util.stream.AbstractPipeline.evaluate(AbstractPipeline.java:234)
	at java.util.stream.ReferencePipeline.findFirst(ReferencePipeline.java:464)
	at org.openqa.selenium.remote.ProtocolHandshake.createSession(ProtocolHandshake.java:128)
	at org.openqa.selenium.remote.ProtocolHandshake.createSession(ProtocolHandshake.java:74)
	at org.openqa.selenium.remote.HttpCommandExecutor.execute(HttpCommandExecutor.java:136)
	at org.openqa.selenium.remote.service.DriverCommandExecutor.execute(DriverCommandExecutor.java:83)
	at org.openqa.selenium.remote.RemoteWebDriver.execute(RemoteWebDriver.java:552)
	at org.openqa.selenium.remote.RemoteWebDriver.startSession(RemoteWebDriver.java:213)
	at org.openqa.selenium.remote.RemoteWebDriver.&lt;init&gt;(RemoteWebDriver.java:131)
	at org.openqa.selenium.chrome.ChromeDriver.&lt;init&gt;(ChromeDriver.java:181)
	at org.openqa.selenium.chrome.ChromeDriver.&lt;init&gt;(ChromeDriver.java:168)
	at org.openqa.selenium.chrome.ChromeDriver.&lt;init&gt;(ChromeDriver.java:123)
	at ru.yandex.devlada.TestInitQuit.setup(TestInitQuit.java:23)
	at sun.reflect.NativeMethodAccessorImpl.invoke0(Native Method)
	at sun.reflect.NativeMethodAccessorImpl.invoke(NativeMethodAccessorImpl.java:62)
	at sun.reflect.DelegatingMethodAccessorImpl.invoke(DelegatingMethodAccessorImpl.java:43)
	at java.lang.reflect.Method.invoke(Method.java:498)
	at org.testng.internal.MethodInvocationHelper.invokeMethod(MethodInvocationHelper.java:133)
	at org.testng.internal.MethodInvocationHelper.invokeMethodConsideringTimeout(MethodInvocationHelper.java:62)
	at org.testng.internal.ConfigInvoker.invokeConfigurationMethod(ConfigInvoker.java:385)
	at org.testng.internal.ConfigInvoker.invokeConfigurations(ConfigInvoker.java:321)
	at org.testng.internal.TestInvoker.runConfigMethods(TestInvoker.java:700)
	at org.testng.internal.TestInvoker.invokeMethod(TestInvoker.java:527)
	at org.testng.internal.TestInvoker.invokeTestMethod(TestInvoker.java:173)
	at org.testng.internal.MethodRunner.runInSequence(MethodRunner.java:46)
	at org.testng.internal.TestInvoker$MethodInvocationAgent.invoke(TestInvoker.java:824)
	at org.testng.internal.TestInvoker.invokeTestMethods(TestInvoker.java:146)
	at org.testng.internal.TestMethodWorker.invokeTestMethods(TestMethodWorker.java:146)
	at org.testng.internal.TestMethodWorker.run(TestMethodWorker.java:128)
	at java.util.concurrent.ThreadPoolExecutor.runWorker(ThreadPoolExecutor.java:1149)
	at java.util.concurrent.ThreadPoolExecutor$Worker.run(ThreadPoolExecutor.java:624)
	at java.lang.Thread.run(Thread.java:748)
</div></td></tr></table><p class="totop"><a href="#summary">back to summary</a></p>
<h3 id="m1">ru.yandex.devlada.NewTicketTest#setup1</h3><table class="result"><tr><th class="invisible"/></tr></table><p class="totop"><a href="#summary">back to summary</a></p>
<h3 id="m2">ru.yandex.devlada.NewTicketTest#tearDown</h3><table class="result"><tr><th class="invisible"/></tr></table><p class="totop"><a href="#summary">back to summary</a></p>
<h3 id="m3">ru.yandex.devlada.NewTicketTest#newTicketTest</h3><table class="result"><tr><th>Exception</th></tr><tr><td><div class="stacktrace">org.openqa.selenium.SessionNotCreatedException: session not created
from disconnected: Unable to receive message from renderer
  (Session info: chrome=91.0.4472.124)
Build info: version: &apos;3.141.59&apos;, revision: &apos;e82be7d358&apos;, time: &apos;2018-11-14T08:17:03&apos;
System info: host: &apos;PC&apos;, ip: &apos;192.168.100.3&apos;, os.name: &apos;Windows 7&apos;, os.arch: &apos;amd64&apos;, os.version: &apos;6.1&apos;, java.version: &apos;1.8.0_291&apos;
Driver info: driver.version: ChromeDriver
remote stacktrace: Backtrace:
	Ordinal0 [0x01643733+2504499]
	Ordinal0 [0x015DC401+2081793]
	Ordinal0 [0x014E2628+1058344]
	Ordinal0 [0x014D4F79+1003385]
	Ordinal0 [0x014D3EF9+999161]
	Ordinal0 [0x014D41B6+999862]
	Ordinal0 [0x014D3AA5+998053]
	Ordinal0 [0x014DE6B4+1042100]
	Ordinal0 [0x014D3A61+997985]
	Ordinal0 [0x014D4986+1001862]
	Ordinal0 [0x014D3EF9+999161]
	Ordinal0 [0x014D41B6+999862]
	Ordinal0 [0x014D3AA5+998053]
	Ordinal0 [0x014DC73A+1034042]
	Ordinal0 [0x014D3A61+997985]
	Ordinal0 [0x014D4986+1001862]
	Ordinal0 [0x014D3EF9+999161]
	Ordinal0 [0x014D41B6+999862]
	Ordinal0 [0x014D3AA5+998053]
	Ordinal0 [0x014DA5E9+1025513]
	Ordinal0 [0x014D3A61+997985]
	Ordinal0 [0x014D4986+1001862]
	Ordinal0 [0x014D3EF9+999161]
	Ordinal0 [0x014D41B6+999862]
	Ordinal0 [0x014D3AA5+998053]
	Ordinal0 [0x014D990C+1022220]
	Ordinal0 [0x014D3A61+997985]
	Ordinal0 [0x014D4986+1001862]
	Ordinal0 [0x014D3EF9+999161]
	Ordinal0 [0x014D41B6+999862]
	Ordinal0 [0x014D3AA5+998053]
	Ordinal0 [0x014CF5DD+980445]
	Ordinal0 [0x014D3A61+997985]
	Ordinal0 [0x014D3800+997376]
	Ordinal0 [0x014D3599+996761]
	Ordinal0 [0x014E3830+1062960]
	Ordinal0 [0x0152ABB9+1354681]
	Ordinal0 [0x015297DA+1349594]
	Ordinal0 [0x01525D4B+1334603]
	Ordinal0 [0x015022B4+1188532]
	Ordinal0 [0x01503149+1192265]
	GetHandleVerifier [0x017BFB8C+1512252]
	GetHandleVerifier [0x0186B0DF+2214031]
	GetHandleVerifier [0x016C4BC3+484211]
	GetHandleVerifier [0x016C3E69+480793]
	Ordinal0 [0x015E218D+2105741]
	Ordinal0 [0x015E66E8+2123496]
	Ordinal0 [0x015E6827+2123815]
	Ordinal0 [0x015EFB73+2161523]
	BaseThreadInitThunk [0x76D6343D+18]
	RtlInitializeExceptionChain [0x77889802+99]
	RtlInitializeExceptionChain [0x778897D5+54]

	at sun.reflect.NativeConstructorAccessorImpl.newInstance0(Native Method)
	at sun.reflect.NativeConstructorAccessorImpl.newInstance(NativeConstructorAccessorImpl.java:62)
	at sun.reflect.DelegatingConstructorAccessorImpl.newInstance(DelegatingConstructorAccessorImpl.java:45)
	at java.lang.reflect.Constructor.newInstance(Constructor.java:423)
	at org.openqa.selenium.remote.W3CHandshakeResponse.lambda$errorHandler$0(W3CHandshakeResponse.java:62)
	at org.openqa.selenium.remote.HandshakeResponse.lambda$getResponseFunction$0(HandshakeResponse.java:30)
	at org.openqa.selenium.remote.ProtocolHandshake.lambda$createSession$0(ProtocolHandshake.java:126)
	at java.util.stream.ReferencePipeline$3$1.accept(ReferencePipeline.java:193)
	at java.util.Spliterators$ArraySpliterator.tryAdvance(Spliterators.java:958)
	at java.util.stream.ReferencePipeline.forEachWithCancel(ReferencePipeline.java:126)
	at java.util.stream.AbstractPipeline.copyIntoWithCancel(AbstractPipeline.java:499)
	at java.util.stream.AbstractPipeline.copyInto(AbstractPipeline.java:486)
	at java.util.stream.AbstractPipeline.wrapAndCopyInto(AbstractPipeline.java:472)
	at java.util.stream.FindOps$FindOp.evaluateSequential(FindOps.java:152)
	at java.util.stream.AbstractPipeline.evaluate(AbstractPipeline.java:234)
	at java.util.stream.ReferencePipeline.findFirst(ReferencePipeline.java:464)
	at org.openqa.selenium.remote.ProtocolHandshake.createSession(ProtocolHandshake.java:128)
	at org.openqa.selenium.remote.ProtocolHandshake.createSession(ProtocolHandshake.java:74)
	at org.openqa.selenium.remote.HttpCommandExecutor.execute(HttpCommandExecutor.java:136)
	at org.openqa.selenium.remote.service.DriverCommandExecutor.execute(DriverCommandExecutor.java:83)
	at org.openqa.selenium.remote.RemoteWebDriver.execute(RemoteWebDriver.java:552)
	at org.openqa.selenium.remote.RemoteWebDriver.startSession(RemoteWebDriver.java:213)
	at org.openqa.selenium.remote.RemoteWebDriver.&lt;init&gt;(RemoteWebDriver.java:131)
	at org.openqa.selenium.chrome.ChromeDriver.&lt;init&gt;(ChromeDriver.java:181)
	at org.openqa.selenium.chrome.ChromeDriver.&lt;init&gt;(ChromeDriver.java:168)
	at org.openqa.selenium.chrome.ChromeDriver.&lt;init&gt;(ChromeDriver.java:123)
	at ru.yandex.devlada.TestInitQuit.setup(TestInitQuit.java:23)
	at sun.reflect.NativeMethodAccessorImpl.invoke0(Native Method)
	at sun.reflect.NativeMethodAccessorImpl.invoke(NativeMethodAccessorImpl.java:62)
	at sun.reflect.DelegatingMethodAccessorImpl.invoke(DelegatingMethodAccessorImpl.java:43)
	at java.lang.reflect.Method.invoke(Method.java:498)
	at org.testng.internal.MethodInvocationHelper.invokeMethod(MethodInvocationHelper.java:133)
	at org.testng.internal.MethodInvocationHelper.invokeMethodConsideringTimeout(MethodInvocationHelper.java:62)
	at org.testng.internal.ConfigInvoker.invokeConfigurationMethod(ConfigInvoker.java:385)
	at org.testng.internal.ConfigInvoker.invokeConfigurations(ConfigInvoker.java:321)
	at org.testng.internal.TestInvoker.runConfigMethods(TestInvoker.java:700)
	at org.testng.internal.TestInvoker.invokeMethod(TestInvoker.java:527)
	at org.testng.internal.TestInvoker.invokeTestMethod(TestInvoker.java:173)
	at org.testng.internal.MethodRunner.runInSequence(MethodRunner.java:46)
	at org.testng.internal.TestInvoker$MethodInvocationAgent.invoke(TestInvoker.java:824)
	at org.testng.internal.TestInvoker.invokeTestMethods(TestInvoker.java:146)
	at org.testng.internal.TestMethodWorker.invokeTestMethods(TestMethodWorker.java:146)
	at org.testng.internal.TestMethodWorker.run(TestMethodWorker.java:128)
	at java.util.concurrent.ThreadPoolExecutor.runWorker(ThreadPoolExecutor.java:1149)
	at java.util.concurrent.ThreadPoolExecutor$Worker.run(ThreadPoolExecutor.java:624)
	at java.lang.Thread.run(Thread.java:748)
</div></td></tr></table><p class="totop"><a href="#summary">back to summary</a></p>
</body>
</html>
